Arguments: 
  /Users/caspervanschooten/.nvm/versions/node/v16.14.0/bin/node /Users/caspervanschooten/.yarn/bin/yarn.js install

PATH: 
  /opt/homebrew/opt/php@8.0/sbin:/opt/homebrew/opt/php@8.0/bin:/Users/caspervanschooten/.yarn/bin:/Users/caspervanschooten/.config/yarn/global/node_modules/.bin:/Users/caspervanschooten/.pyenv/shims:/opt/homebrew/opt/php@7.4/sbin:/opt/homebrew/opt/php@7.4/bin:/opt/homebrew/opt/php@7.4/sbin:/opt/homebrew/opt/php@7.4/bin:/opt/homebrew/opt/php@7.4/bin:/Users/caspervanschooten/.nvm/versions/node/v16.14.0/bin:/Users/caspervanschooten/.composer/vendor/bin:/opt/homebrew/bin:/opt/homebrew/sbin:/usr/local/bin:/usr/bin:/bin:/usr/sbin:/sbin:/Library/Apple/usr/bin

Yarn version: 
  1.22.19

Node version: 
  16.14.0

Platform: 
  darwin arm64

Trace: 
  SyntaxError: /Users/caspervanschooten/Websites/rebirth/wp-content/themes/rebirth/package.json: Unexpected token } in JSON at position 1061
      at JSON.parse (<anonymous>)
      at /Users/caspervanschooten/.yarn/lib/cli.js:1629:59
      at Generator.next (<anonymous>)
      at step (/Users/caspervanschooten/.yarn/lib/cli.js:310:30)
      at /Users/caspervanschooten/.yarn/lib/cli.js:321:13

npm manifest: 
  {
      "private": true,
      "scripts": {
          "dev": "npm run development",
          "development": "NODE_ENV=development node_modules/webpack/bin/webpack.js --progress --config=node_modules/laravel-mix/setup/webpack.config.js",
          "watch": "NODE_ENV=development node_modules/webpack/bin/webpack.js --watch --progress --config=node_modules/laravel-mix/setup/webpack.config.js",
          "watch-poll": "npm run watch -- --watch-poll",
          "hot": "NODE_ENV=development node_modules/webpack-dev-server/bin/webpack-dev-server.js --inline --hot --config=node_modules/laravel-mix/setup/webpack.config.js",
          "prod": "npm run production",
          "production": "cross-env NODE_ENV=production node_modules/webpack/bin/webpack.js --config=node_modules/laravel-mix/setup/webpack.config.js"
      },
      "devDependencies": {
          "@webpack-cli/init": "^1.1.3",
          "laravel-mix": "^6.0.43",
          "sass": "^1.39.0",
          "sass-loader": "^7.1.0",
          "webpack": "^5.52.0",
          "webpack-cli": "^4.8.0",
          "webpack-mix": "3.0.0"
      },
  }

yarn manifest: 
  No manifest

Lockfile: 
  No lockfile
